============================= test session starts ==============================
platform linux -- Python 3.14.4, pytest-9.1.1, pluggy-1.6.0 -- /home/doantuan/UI_v01/linux-system-assistant/.venv/bin/python3
cachedir: .pytest_cache
rootdir: /home/doantuan/UI_v01/linux-system-assistant
configfile: pyproject.toml
collecting ... collected 65 items

tests/test_command_manager.py::test_rejects_unknown_action PASSED        [  1%]
tests/test_command_manager.py::test_check_disk_action PASSED             [  3%]
tests/test_command_manager.py::test_commands_loaded PASSED               [  4%]
tests/test_monitor.py::test_cpu_usage_range PASSED                       [  6%]
tests/test_monitor.py::test_memory_info_keys PASSED                      [  7%]
tests/test_monitor.py::test_memory_used_matches_available PASSED         [  9%]
tests/test_monitor.py::test_disk_info_keys PASSED                        [ 10%]
tests/test_monitor.py::test_network_uses_active_non_loopback_interfaces PASSED [ 12%]
tests/test_monitor.py::test_monitor_collect_all PASSED                   [ 13%]
tests/test_process_manager.py::test_cannot_kill_self PASSED              [ 15%]
tests/test_process_manager.py::test_get_top_processes_returns_list PASSED [ 16%]
tests/test_process_manager.py::test_protected_systemd PASSED             [ 18%]
tests/test_process_manager.py::test_process_snapshot_uses_ps_cpu_and_rss PASSED [ 20%]
tests/test_process_manager.py::test_process_snapshot_falls_back_to_psutil PASSED [ 21%]
tests/test_safety_quality.py::TestCommandWhitelist::test_rejects_unknown_action PASSED [ 23%]
tests/test_safety_quality.py::TestCommandWhitelist::test_rejects_empty_action PASSED [ 24%]
tests/test_safety_quality.py::TestCommandWhitelist::test_dangerous_commands_not_in_whitelist PASSED [ 26%]
tests/test_safety_quality.py::TestCommandWhitelist::test_whitelist_loaded PASSED [ 27%]
tests/test_safety_quality.py::TestCommandTimeout::test_timeout_config_present PASSED [ 29%]
tests/test_safety_quality.py::TestCleanupSafety::test_only_thumbnails_path PASSED [ 30%]
tests/test_safety_quality.py::TestCleanupSafety::test_rejects_symlink_escape PASSED [ 32%]
tests/test_safety_quality.py::TestCleanupSafety::test_get_size_nonexistent_path PASSED [ 33%]
tests/test_safety_quality.py::TestProtectedProcess::test_protected_list_loaded PASSED [ 35%]
tests/test_safety_quality.py::TestProtectedProcess::test_cannot_kill_root_process PASSED [ 36%]
tests/test_safety_quality.py::TestProtectedProcess::test_cannot_kill_nonexistent PASSED [ 38%]
tests/test_safety_quality.py::TestProtectedProcess::test_current_user_set PASSED [ 40%]
tests/test_safety_quality.py::TestRootProcessKillRejection::test_kill_pid_1_rejected PASSED [ 41%]
tests/test_safety_quality.py::TestRootProcessKillRejection::test_kill_self_rejected PASSED [ 43%]
tests/test_safety_quality.py::TestConfig::test_default_config_valid PASSED [ 44%]
tests/test_safety_quality.py::TestConfig::test_config_load_missing_file PASSED [ 46%]
tests/test_safety_quality.py::TestConfig::test_config_save_and_load PASSED [ 47%]
tests/test_safety_quality.py::TestConfig::test_update_interval_has_bounds PASSED [ 49%]
tests/test_safety_quality.py::TestMonitorFallback::test_gpu_returns_dict PASSED [ 50%]
tests/test_safety_quality.py::TestMonitorFallback::test_cpu_info_returns_dict PASSED [ 52%]
tests/test_safety_quality.py::TestMonitorFallback::test_temperature_graceful PASSED [ 53%]
tests/test_safety_quality.py::TestMonitorFallback::test_fan_graceful PASSED [ 55%]
tests/test_safety_quality.py::TestMonitorFallback::test_battery_graceful PASSED [ 56%]
tests/test_safety_quality.py::TestMonitorFallback::test_network_returns_dict PASSED [ 58%]
tests/test_safety_quality.py::TestSmokeImport::test_import_main_modules PASSED [ 60%]
tests/test_safety_quality.py::TestSmokeImport::test_system_monitor_collect PASSED [ 61%]
tests/test_system_tools.py::TestStatus::test_merge_ok PASSED             [ 63%]
tests/test_system_tools.py::TestStatus::test_merge_warning PASSED        [ 64%]
tests/test_system_tools.py::TestStatus::test_merge_error PASSED          [ 66%]
tests/test_system_tools.py::TestStatus::test_merge_unknown PASSED        [ 67%]
tests/test_system_tools.py::TestStatus::test_threshold_ok PASSED         [ 69%]
tests/test_system_tools.py::TestStatus::test_threshold_warning PASSED    [ 70%]
tests/test_system_tools.py::TestStatus::test_threshold_error PASSED      [ 72%]
tests/test_system_tools.py::TestStatus::test_labels PASSED               [ 73%]
tests/test_system_tools.py::TestSizeUtils::test_human_size_bytes PASSED  [ 75%]
tests/test_system_tools.py::TestSizeUtils::test_human_size_kb PASSED     [ 76%]
tests/test_system_tools.py::TestSizeUtils::test_human_size_mb PASSED     [ 78%]
tests/test_system_tools.py::TestSizeUtils::test_human_size_gb PASSED     [ 80%]
tests/test_system_tools.py::TestSizeUtils::test_dir_size_nonexistent PASSED [ 81%]
tests/test_system_tools.py::TestSafeCommandRunner::test_forbidden_command_rejected PASSED [ 83%]
tests/test_system_tools.py::TestSafeCommandRunner::test_missing_optional_command PASSED [ 84%]
tests/test_system_tools.py::TestSafeCommandRunner::test_valid_command PASSED [ 86%]
tests/test_system_tools.py::TestSystemChecker::test_run_system_check_returns_report PASSED [ 87%]
tests/test_system_tools.py::TestSystemChecker::test_ui_summary_has_all_sections PASSED [ 89%]
tests/test_system_tools.py::TestCleanupScanner::test_scan_returns_targets PASSED [ 90%]
tests/test_system_tools.py::TestCleanupScanner::test_scan_target_ids PASSED [ 92%]
tests/test_system_tools.py::TestCleanupScanner::test_cleanup_invalid_id_rejected PASSED [ 93%]
tests/test_system_tools.py::TestCleanupScanner::test_cleanup_trash_needs_confirm PASSED [ 95%]
tests/test_system_tools.py::TestHardwareInfo::test_get_hardware_info_returns_report PASSED [ 96%]
tests/test_system_tools.py::TestHardwareInfo::test_hardware_no_crash_without_nvidia PASSED [ 98%]
tests/test_system_tools.py::TestHardwareInfo::test_hardware_no_crash_without_battery PASSED [100%]

============================== 65 passed in 0.96s ==============================
